<?xml version="1.0" encoding="UTF-8"?>
<coverage generated="1616191621455" clover="3.2.0">
  <project timestamp="1616191621455" name="All files">
    <metrics statements="33" coveredstatements="15" conditionals="20" coveredconditionals="8" methods="17" coveredmethods="6" elements="70" coveredelements="29" complexity="0" loc="33" ncloc="33" packages="1" files="5" classes="5"/>
    <file name="Book.jsx" path="/Users/joshuamccue/Desktop/libCity/client/src/components/Book.jsx">
      <metrics statements="1" coveredstatements="1" conditionals="2" coveredconditionals="2" methods="1" coveredmethods="1"/>
      <line num="7" count="1" type="stmt"/>
    </file>
    <file name="ErrorBoundary.jsx" path="/Users/joshuamccue/Desktop/libCity/client/src/components/ErrorBoundary.jsx">
      <metrics statements="6" coveredstatements="3" conditionals="2" coveredconditionals="1" methods="3" coveredmethods="1"/>
      <line num="7" count="1" type="stmt"/>
      <line num="13" count="0" type="stmt"/>
      <line num="18" count="0" type="stmt"/>
      <line num="22" count="1" type="cond" truecount="1" falsecount="1"/>
      <line num="23" count="0" type="stmt"/>
      <line num="34" count="1" type="stmt"/>
    </file>
    <file name="Footer.jsx" path="/Users/joshuamccue/Desktop/libCity/client/src/components/Footer.jsx">
      <metrics statements="1" coveredstatements="1" conditionals="0" coveredconditionals="0" methods="1" coveredmethods="1"/>
      <line num="6" count="1" type="stmt"/>
    </file>
    <file name="Nav.jsx" path="/Users/joshuamccue/Desktop/libCity/client/src/components/Nav.jsx">
      <metrics statements="16" coveredstatements="7" conditionals="6" coveredconditionals="2" methods="7" coveredmethods="1"/>
      <line num="7" count="1" type="stmt"/>
      <line num="8" count="1" type="stmt"/>
      <line num="9" count="1" type="stmt"/>
      <line num="11" count="1" type="stmt"/>
      <line num="12" count="0" type="stmt"/>
      <line num="13" count="0" type="stmt"/>
      <line num="16" count="1" type="stmt"/>
      <line num="17" count="0" type="stmt"/>
      <line num="18" count="0" type="stmt"/>
      <line num="21" count="1" type="stmt"/>
      <line num="22" count="0" type="stmt"/>
      <line num="24" count="1" type="stmt"/>
      <line num="71" count="0" type="cond" truecount="0" falsecount="2"/>
      <line num="72" count="0" type="stmt"/>
      <line num="75" count="0" type="stmt"/>
      <line num="81" count="0" type="stmt"/>
    </file>
    <file name="StarSvg.jsx" path="/Users/joshuamccue/Desktop/libCity/client/src/components/StarSvg.jsx">
      <metrics statements="9" coveredstatements="3" conditionals="10" coveredconditionals="3" methods="5" coveredmethods="2"/>
      <line num="6" count="1" type="stmt"/>
      <line num="8" count="1" type="stmt"/>
      <line num="12" count="5" type="stmt"/>
      <line num="26" count="0" type="cond" truecount="0" falsecount="2"/>
      <line num="27" count="0" type="stmt"/>
      <line num="31" count="0" type="cond" truecount="0" falsecount="2"/>
      <line num="32" count="0" type="stmt"/>
      <line num="36" count="0" type="cond" truecount="0" falsecount="2"/>
      <line num="37" count="0" type="stmt"/>
    </file>
  </project>
</coverage>
