{"/Users/joshuamccue/Desktop/libCity/client/src/components/Book.jsx": {"path":"/Users/joshuamccue/Desktop/libCity/client/src/components/Book.jsx","statementMap":{"0":{"start":{"line":7,"column":2},"end":{"line":21,"column":4}}},"fnMap":{"0":{"name":"Book","decl":{"start":{"line":6,"column":24},"end":{"line":6,"column":28}},"loc":{"start":{"line":6,"column":74},"end":{"line":22,"column":1}},"line":6}},"branchMap":{"0":{"loc":{"start":{"line":12,"column":12},"end":{"line":12,"column":80}},"type":"binary-expr","locations":[{"start":{"line":12,"column":12},"end":{"line":12,"column":66}},{"start":{"line":12,"column":70},"end":{"line":12,"column":80}}],"line":12}},"s":{"0":1},"f":{"0":1},"b":{"0":[1,1]},"_coverageSchema":"1a1c01bbd47fc00a2c39e90264f33305004495a9","hash":"ab0ebb69c929df4e851ff6872d5e61c881411ad0"}
,"/Users/joshuamccue/Desktop/libCity/client/src/components/ErrorBoundary.jsx": {"path":"/Users/joshuamccue/Desktop/libCity/client/src/components/ErrorBoundary.jsx","statementMap":{"0":{"start":{"line":7,"column":10},"end":{"line":9,"column":3}},"1":{"start":{"line":13,"column":4},"end":{"line":13,"column":21}},"2":{"start":{"line":18,"column":4},"end":{"line":18,"column":34}},"3":{"start":{"line":22,"column":4},"end":{"line":32,"column":5}},"4":{"start":{"line":23,"column":6},"end":{"line":31,"column":8}},"5":{"start":{"line":34,"column":4},"end":{"line":34,"column":31}}},"fnMap":{"0":{"name":"(anonymous_0)","decl":{"start":{"line":12,"column":2},"end":{"line":12,"column":3}},"loc":{"start":{"line":12,"column":41},"end":{"line":14,"column":3}},"line":12},"1":{"name":"(anonymous_1)","decl":{"start":{"line":17,"column":2},"end":{"line":17,"column":3}},"loc":{"start":{"line":17,"column":38},"end":{"line":19,"column":3}},"line":17},"2":{"name":"(anonymous_2)","decl":{"start":{"line":21,"column":2},"end":{"line":21,"column":3}},"loc":{"start":{"line":21,"column":11},"end":{"line":35,"column":3}},"line":21}},"branchMap":{"0":{"loc":{"start":{"line":22,"column":4},"end":{"line":32,"column":5}},"type":"if","locations":[{"start":{"line":22,"column":4},"end":{"line":32,"column":5}},{"start":{"line":22,"column":4},"end":{"line":32,"column":5}}],"line":22}},"s":{"0":1,"1":0,"2":0,"3":1,"4":0,"5":1},"f":{"0":0,"1":0,"2":1},"b":{"0":[0,1]},"_coverageSchema":"1a1c01bbd47fc00a2c39e90264f33305004495a9","hash":"ee8ff962d3945548b46b535837bcc461d0b05515"}
,"/Users/joshuamccue/Desktop/libCity/client/src/components/Footer.jsx": {"path":"/Users/joshuamccue/Desktop/libCity/client/src/components/Footer.jsx","statementMap":{"0":{"start":{"line":6,"column":2},"end":{"line":10,"column":4}}},"fnMap":{"0":{"name":"Footer","decl":{"start":{"line":5,"column":24},"end":{"line":5,"column":30}},"loc":{"start":{"line":5,"column":33},"end":{"line":11,"column":1}},"line":5}},"branchMap":{},"s":{"0":1},"f":{"0":1},"b":{},"_coverageSchema":"1a1c01bbd47fc00a2c39e90264f33305004495a9","hash":"3a6b3ff55063e540b33f4fab582dd4bb0913c204"}
,"/Users/joshuamccue/Desktop/libCity/client/src/components/Nav.jsx": {"path":"/Users/joshuamccue/Desktop/libCity/client/src/components/Nav.jsx","statementMap":{"0":{"start":{"line":7,"column":18},"end":{"line":7,"column":30}},"1":{"start":{"line":8,"column":38},"end":{"line":8,"column":50}},"2":{"start":{"line":9,"column":40},"end":{"line":9,"column":55}},"3":{"start":{"line":11,"column":30},"end":{"line":14,"column":3}},"4":{"start":{"line":12,"column":22},"end":{"line":12,"column":30}},"5":{"start":{"line":13,"column":4},"end":{"line":13,"column":25}},"6":{"start":{"line":16,"column":28},"end":{"line":19,"column":3}},"7":{"start":{"line":17,"column":4},"end":{"line":17,"column":48}},"8":{"start":{"line":18,"column":4},"end":{"line":18,"column":22}},"9":{"start":{"line":21,"column":28},"end":{"line":23,"column":3}},"10":{"start":{"line":22,"column":4},"end":{"line":22,"column":33}},"11":{"start":{"line":24,"column":2},"end":{"line":98,"column":4}},"12":{"start":{"line":71,"column":14},"end":{"line":73,"column":15}},"13":{"start":{"line":72,"column":16},"end":{"line":72,"column":36}},"14":{"start":{"line":75,"column":29},"end":{"line":75,"column":51}},"15":{"start":{"line":81,"column":27},"end":{"line":81,"column":46}}},"fnMap":{"0":{"name":"Nav","decl":{"start":{"line":6,"column":24},"end":{"line":6,"column":27}},"loc":{"start":{"line":6,"column":30},"end":{"line":99,"column":1}},"line":6},"1":{"name":"(anonymous_1)","decl":{"start":{"line":11,"column":30},"end":{"line":11,"column":31}},"loc":{"start":{"line":11,"column":37},"end":{"line":14,"column":3}},"line":11},"2":{"name":"(anonymous_2)","decl":{"start":{"line":16,"column":28},"end":{"line":16,"column":29}},"loc":{"start":{"line":16,"column":34},"end":{"line":19,"column":3}},"line":16},"3":{"name":"(anonymous_3)","decl":{"start":{"line":21,"column":28},"end":{"line":21,"column":29}},"loc":{"start":{"line":21,"column":34},"end":{"line":23,"column":3}},"line":21},"4":{"name":"(anonymous_4)","decl":{"start":{"line":70,"column":23},"end":{"line":70,"column":24}},"loc":{"start":{"line":70,"column":30},"end":{"line":74,"column":13}},"line":70},"5":{"name":"(anonymous_5)","decl":{"start":{"line":75,"column":22},"end":{"line":75,"column":23}},"loc":{"start":{"line":75,"column":29},"end":{"line":75,"column":51}},"line":75},"6":{"name":"(anonymous_6)","decl":{"start":{"line":81,"column":21},"end":{"line":81,"column":22}},"loc":{"start":{"line":81,"column":27},"end":{"line":81,"column":46}},"line":81}},"branchMap":{"0":{"loc":{"start":{"line":27,"column":38},"end":{"line":27,"column":66}},"type":"cond-expr","locations":[{"start":{"line":27,"column":52},"end":{"line":27,"column":61}},{"start":{"line":27,"column":64},"end":{"line":27,"column":66}}],"line":27},"1":{"loc":{"start":{"line":71,"column":14},"end":{"line":73,"column":15}},"type":"if","locations":[{"start":{"line":71,"column":14},"end":{"line":73,"column":15}},{"start":{"line":71,"column":14},"end":{"line":73,"column":15}}],"line":71},"2":{"loc":{"start":{"line":90,"column":38},"end":{"line":90,"column":67}},"type":"binary-expr","locations":[{"start":{"line":90,"column":38},"end":{"line":90,"column":49}},{"start":{"line":90,"column":53},"end":{"line":90,"column":67}}],"line":90}},"s":{"0":1,"1":1,"2":1,"3":1,"4":0,"5":0,"6":1,"7":0,"8":0,"9":1,"10":0,"11":1,"12":0,"13":0,"14":0,"15":0},"f":{"0":1,"1":0,"2":0,"3":0,"4":0,"5":0,"6":0},"b":{"0":[0,1],"1":[0,0],"2":[1,0]},"_coverageSchema":"1a1c01bbd47fc00a2c39e90264f33305004495a9","hash":"5cc709022f4960fc44c8bd9bbe551c4de5f0484a"}
,"/Users/joshuamccue/Desktop/libCity/client/src/components/StarSvg.jsx": {"path":"/Users/joshuamccue/Desktop/libCity/client/src/components/StarSvg.jsx","statementMap":{"0":{"start":{"line":6,"column":48},"end":{"line":6,"column":59}},"1":{"start":{"line":8,"column":2},"end":{"line":46,"column":4}},"2":{"start":{"line":12,"column":8},"end":{"line":43,"column":10}},"3":{"start":{"line":26,"column":14},"end":{"line":28,"column":15}},"4":{"start":{"line":27,"column":16},"end":{"line":27,"column":42}},"5":{"start":{"line":31,"column":14},"end":{"line":33,"column":15}},"6":{"start":{"line":32,"column":16},"end":{"line":32,"column":38}},"7":{"start":{"line":36,"column":14},"end":{"line":38,"column":15}},"8":{"start":{"line":37,"column":16},"end":{"line":37,"column":46}}},"fnMap":{"0":{"name":"StarSvg","decl":{"start":{"line":5,"column":24},"end":{"line":5,"column":31}},"loc":{"start":{"line":5,"column":74},"end":{"line":47,"column":1}},"line":5},"1":{"name":"(anonymous_1)","decl":{"start":{"line":11,"column":27},"end":{"line":11,"column":28}},"loc":{"start":{"line":11,"column":38},"end":{"line":44,"column":7}},"line":11},"2":{"name":"(anonymous_2)","decl":{"start":{"line":25,"column":26},"end":{"line":25,"column":27}},"loc":{"start":{"line":25,"column":32},"end":{"line":29,"column":13}},"line":25},"3":{"name":"(anonymous_3)","decl":{"start":{"line":30,"column":26},"end":{"line":30,"column":27}},"loc":{"start":{"line":30,"column":32},"end":{"line":34,"column":13}},"line":30},"4":{"name":"(anonymous_4)","decl":{"start":{"line":35,"column":21},"end":{"line":35,"column":22}},"loc":{"start":{"line":35,"column":28},"end":{"line":39,"column":13}},"line":35}},"branchMap":{"0":{"loc":{"start":{"line":18,"column":14},"end":{"line":18,"column":78}},"type":"cond-expr","locations":[{"start":{"line":18,"column":47},"end":{"line":18,"column":55}},{"start":{"line":18,"column":58},"end":{"line":18,"column":78}}],"line":18},"1":{"loc":{"start":{"line":18,"column":14},"end":{"line":18,"column":44}},"type":"binary-expr","locations":[{"start":{"line":18,"column":14},"end":{"line":18,"column":33}},{"start":{"line":18,"column":37},"end":{"line":18,"column":44}}],"line":18},"2":{"loc":{"start":{"line":26,"column":14},"end":{"line":28,"column":15}},"type":"if","locations":[{"start":{"line":26,"column":14},"end":{"line":28,"column":15}},{"start":{"line":26,"column":14},"end":{"line":28,"column":15}}],"line":26},"3":{"loc":{"start":{"line":31,"column":14},"end":{"line":33,"column":15}},"type":"if","locations":[{"start":{"line":31,"column":14},"end":{"line":33,"column":15}},{"start":{"line":31,"column":14},"end":{"line":33,"column":15}}],"line":31},"4":{"loc":{"start":{"line":36,"column":14},"end":{"line":38,"column":15}},"type":"if","locations":[{"start":{"line":36,"column":14},"end":{"line":38,"column":15}},{"start":{"line":36,"column":14},"end":{"line":38,"column":15}}],"line":36}},"s":{"0":1,"1":1,"2":5,"3":0,"4":0,"5":0,"6":0,"7":0,"8":0},"f":{"0":1,"1":5,"2":0,"3":0,"4":0},"b":{"0":[0,5],"1":[5,5],"2":[0,0],"3":[0,0],"4":[0,0]},"_coverageSchema":"1a1c01bbd47fc00a2c39e90264f33305004495a9","hash":"d6cb255ef0c1942ee35a39ec3748320edf293acf"}
}
