{"/Users/joshuamccue/Desktop/libCity/client/src/components/Book.jsx": {"path":"/Users/joshuamccue/Desktop/libCity/client/src/components/Book.jsx","statementMap":{"0":{"start":{"line":7,"column":2},"end":{"line":21,"column":4}}},"fnMap":{"0":{"name":"Book","decl":{"start":{"line":6,"column":24},"end":{"line":6,"column":28}},"loc":{"start":{"line":6,"column":74},"end":{"line":22,"column":1}},"line":6}},"branchMap":{"0":{"loc":{"start":{"line":12,"column":12},"end":{"line":12,"column":80}},"type":"binary-expr","locations":[{"start":{"line":12,"column":12},"end":{"line":12,"column":66}},{"start":{"line":12,"column":70},"end":{"line":12,"column":80}}],"line":12}},"s":{"0":1},"f":{"0":1},"b":{"0":[1,1]},"_coverageSchema":"1a1c01bbd47fc00a2c39e90264f33305004495a9","hash":"ab0ebb69c929df4e851ff6872d5e61c881411ad0"}
,"/Users/joshuamccue/Desktop/libCity/client/src/components/ErrorBoundary.jsx": {"path":"/Users/joshuamccue/Desktop/libCity/client/src/components/ErrorBoundary.jsx","statementMap":{"0":{"start":{"line":7,"column":10},"end":{"line":9,"column":3}},"1":{"start":{"line":13,"column":4},"end":{"line":13,"column":21}},"2":{"start":{"line":18,"column":4},"end":{"line":18,"column":34}},"3":{"start":{"line":22,"column":4},"end":{"line":32,"column":5}},"4":{"start":{"line":23,"column":6},"end":{"line":31,"column":8}},"5":{"start":{"line":34,"column":4},"end":{"line":34,"column":31}}},"fnMap":{"0":{"name":"(anonymous_0)","decl":{"start":{"line":12,"column":2},"end":{"line":12,"column":3}},"loc":{"start":{"line":12,"column":41},"end":{"line":14,"column":3}},"line":12},"1":{"name":"(anonymous_1)","decl":{"start":{"line":17,"column":2},"end":{"line":17,"column":3}},"loc":{"start":{"line":17,"column":38},"end":{"line":19,"column":3}},"line":17},"2":{"name":"(anonymous_2)","decl":{"start":{"line":21,"column":2},"end":{"line":21,"column":3}},"loc":{"start":{"line":21,"column":11},"end":{"line":35,"column":3}},"line":21}},"branchMap":{"0":{"loc":{"start":{"line":22,"column":4},"end":{"line":32,"column":5}},"type":"if","locations":[{"start":{"line":22,"column":4},"end":{"line":32,"column":5}},{"start":{"line":22,"column":4},"end":{"line":32,"column":5}}],"line":22}},"s":{"0":1,"1":0,"2":0,"3":1,"4":0,"5":1},"f":{"0":0,"1":0,"2":1},"b":{"0":[0,1]},"_coverageSchema":"1a1c01bbd47fc00a2c39e90264f33305004495a9","hash":"ee8ff962d3945548b46b535837bcc461d0b05515"}
,"/Users/joshuamccue/Desktop/libCity/client/src/components/Footer.jsx": {"path":"/Users/joshuamccue/Desktop/libCity/client/src/components/Footer.jsx","statementMap":{"0":{"start":{"line":6,"column":2},"end":{"line":10,"column":4}}},"fnMap":{"0":{"name":"Footer","decl":{"start":{"line":5,"column":24},"end":{"line":5,"column":30}},"loc":{"start":{"line":5,"column":33},"end":{"line":11,"column":1}},"line":5}},"branchMap":{},"s":{"0":1},"f":{"0":1},"b":{},"_coverageSchema":"1a1c01bbd47fc00a2c39e90264f33305004495a9","hash":"3a6b3ff55063e540b33f4fab582dd4bb0913c204"}
,"/Users/joshuamccue/Desktop/libCity/client/src/components/Input.jsx": {"path":"/Users/joshuamccue/Desktop/libCity/client/src/components/Input.jsx","statementMap":{"0":{"start":{"line":24,"column":6},"end":{"line":24,"column":11}},"1":{"start":{"line":28,"column":2},"end":{"line":31,"column":3}},"2":{"start":{"line":29,"column":4},"end":{"line":29,"column":45}},"3":{"start":{"line":30,"column":4},"end":{"line":30,"column":19}},"4":{"start":{"line":34,"column":2},"end":{"line":119,"column":3}},"5":{"start":{"line":39,"column":6},"end":{"line":56,"column":8}},"6":{"start":{"line":57,"column":6},"end":{"line":57,"column":12}},"7":{"start":{"line":59,"column":6},"end":{"line":78,"column":8}},"8":{"start":{"line":79,"column":6},"end":{"line":79,"column":12}},"9":{"start":{"line":81,"column":6},"end":{"line":99,"column":8}},"10":{"start":{"line":100,"column":6},"end":{"line":100,"column":12}},"11":{"start":{"line":102,"column":6},"end":{"line":115,"column":8}},"12":{"start":{"line":116,"column":6},"end":{"line":116,"column":12}},"13":{"start":{"line":118,"column":6},"end":{"line":118,"column":35}},"14":{"start":{"line":121,"column":2},"end":{"line":121,"column":22}}},"fnMap":{"0":{"name":"Input","decl":{"start":{"line":8,"column":24},"end":{"line":8,"column":29}},"loc":{"start":{"line":8,"column":37},"end":{"line":122,"column":1}},"line":8}},"branchMap":{"0":{"loc":{"start":{"line":28,"column":2},"end":{"line":31,"column":3}},"type":"if","locations":[{"start":{"line":28,"column":2},"end":{"line":31,"column":3}},{"start":{"line":28,"column":2},"end":{"line":31,"column":3}}],"line":28},"1":{"loc":{"start":{"line":28,"column":6},"end":{"line":28,"column":35}},"type":"binary-expr","locations":[{"start":{"line":28,"column":6},"end":{"line":28,"column":12}},{"start":{"line":28,"column":16},"end":{"line":28,"column":24}},{"start":{"line":28,"column":28},"end":{"line":28,"column":35}}],"line":28},"2":{"loc":{"start":{"line":34,"column":2},"end":{"line":119,"column":3}},"type":"switch","locations":[{"start":{"line":35,"column":4},"end":{"line":35,"column":17}},{"start":{"line":36,"column":4},"end":{"line":36,"column":18}},{"start":{"line":37,"column":4},"end":{"line":37,"column":21}},{"start":{"line":38,"column":4},"end":{"line":57,"column":12}},{"start":{"line":58,"column":4},"end":{"line":79,"column":12}},{"start":{"line":80,"column":4},"end":{"line":100,"column":12}},{"start":{"line":101,"column":4},"end":{"line":116,"column":12}},{"start":{"line":117,"column":4},"end":{"line":118,"column":35}}],"line":34},"3":{"loc":{"start":{"line":49,"column":25},"end":{"line":49,"column":54}},"type":"cond-expr","locations":[{"start":{"line":49,"column":34},"end":{"line":49,"column":40}},{"start":{"line":49,"column":43},"end":{"line":49,"column":54}}],"line":49},"4":{"loc":{"start":{"line":63,"column":19},"end":{"line":63,"column":55}},"type":"cond-expr","locations":[{"start":{"line":63,"column":32},"end":{"line":63,"column":42}},{"start":{"line":63,"column":45},"end":{"line":63,"column":55}}],"line":63},"5":{"loc":{"start":{"line":68,"column":15},"end":{"line":68,"column":69}},"type":"cond-expr","locations":[{"start":{"line":68,"column":43},"end":{"line":68,"column":55}},{"start":{"line":68,"column":58},"end":{"line":68,"column":69}}],"line":68},"6":{"loc":{"start":{"line":94,"column":25},"end":{"line":94,"column":54}},"type":"cond-expr","locations":[{"start":{"line":94,"column":34},"end":{"line":94,"column":40}},{"start":{"line":94,"column":43},"end":{"line":94,"column":54}}],"line":94}},"s":{"0":7,"1":7,"2":0,"3":0,"4":7,"5":3,"6":3,"7":1,"8":1,"9":1,"10":1,"11":1,"12":1,"13":1,"14":7},"f":{"0":7},"b":{"0":[0,7],"1":[7,1,1],"2":[0,1,2,3,1,1,1,1],"3":[0,3],"4":[0,1],"5":[0,1],"6":[0,1]},"_coverageSchema":"1a1c01bbd47fc00a2c39e90264f33305004495a9","hash":"522f75c6f479fedf495f0e495e0b09dc2ee42dea"}
,"/Users/joshuamccue/Desktop/libCity/client/src/components/Nav.jsx": {"path":"/Users/joshuamccue/Desktop/libCity/client/src/components/Nav.jsx","statementMap":{"0":{"start":{"line":7,"column":18},"end":{"line":7,"column":30}},"1":{"start":{"line":8,"column":38},"end":{"line":8,"column":50}},"2":{"start":{"line":9,"column":40},"end":{"line":9,"column":55}},"3":{"start":{"line":11,"column":30},"end":{"line":14,"column":3}},"4":{"start":{"line":12,"column":22},"end":{"line":12,"column":30}},"5":{"start":{"line":13,"column":4},"end":{"line":13,"column":25}},"6":{"start":{"line":16,"column":28},"end":{"line":19,"column":3}},"7":{"start":{"line":17,"column":4},"end":{"line":17,"column":48}},"8":{"start":{"line":18,"column":4},"end":{"line":18,"column":22}},"9":{"start":{"line":21,"column":28},"end":{"line":23,"column":3}},"10":{"start":{"line":22,"column":4},"end":{"line":22,"column":33}},"11":{"start":{"line":24,"column":2},"end":{"line":98,"column":4}},"12":{"start":{"line":71,"column":14},"end":{"line":73,"column":15}},"13":{"start":{"line":72,"column":16},"end":{"line":72,"column":36}},"14":{"start":{"line":75,"column":29},"end":{"line":75,"column":51}},"15":{"start":{"line":81,"column":27},"end":{"line":81,"column":46}}},"fnMap":{"0":{"name":"Nav","decl":{"start":{"line":6,"column":24},"end":{"line":6,"column":27}},"loc":{"start":{"line":6,"column":30},"end":{"line":99,"column":1}},"line":6},"1":{"name":"(anonymous_1)","decl":{"start":{"line":11,"column":30},"end":{"line":11,"column":31}},"loc":{"start":{"line":11,"column":37},"end":{"line":14,"column":3}},"line":11},"2":{"name":"(anonymous_2)","decl":{"start":{"line":16,"column":28},"end":{"line":16,"column":29}},"loc":{"start":{"line":16,"column":34},"end":{"line":19,"column":3}},"line":16},"3":{"name":"(anonymous_3)","decl":{"start":{"line":21,"column":28},"end":{"line":21,"column":29}},"loc":{"start":{"line":21,"column":34},"end":{"line":23,"column":3}},"line":21},"4":{"name":"(anonymous_4)","decl":{"start":{"line":70,"column":23},"end":{"line":70,"column":24}},"loc":{"start":{"line":70,"column":30},"end":{"line":74,"column":13}},"line":70},"5":{"name":"(anonymous_5)","decl":{"start":{"line":75,"column":22},"end":{"line":75,"column":23}},"loc":{"start":{"line":75,"column":29},"end":{"line":75,"column":51}},"line":75},"6":{"name":"(anonymous_6)","decl":{"start":{"line":81,"column":21},"end":{"line":81,"column":22}},"loc":{"start":{"line":81,"column":27},"end":{"line":81,"column":46}},"line":81}},"branchMap":{"0":{"loc":{"start":{"line":27,"column":38},"end":{"line":27,"column":66}},"type":"cond-expr","locations":[{"start":{"line":27,"column":52},"end":{"line":27,"column":61}},{"start":{"line":27,"column":64},"end":{"line":27,"column":66}}],"line":27},"1":{"loc":{"start":{"line":71,"column":14},"end":{"line":73,"column":15}},"type":"if","locations":[{"start":{"line":71,"column":14},"end":{"line":73,"column":15}},{"start":{"line":71,"column":14},"end":{"line":73,"column":15}}],"line":71},"2":{"loc":{"start":{"line":90,"column":38},"end":{"line":90,"column":67}},"type":"binary-expr","locations":[{"start":{"line":90,"column":38},"end":{"line":90,"column":49}},{"start":{"line":90,"column":53},"end":{"line":90,"column":67}}],"line":90}},"s":{"0":1,"1":1,"2":1,"3":1,"4":0,"5":0,"6":1,"7":0,"8":0,"9":1,"10":0,"11":1,"12":0,"13":0,"14":0,"15":0},"f":{"0":1,"1":0,"2":0,"3":0,"4":0,"5":0,"6":0},"b":{"0":[0,1],"1":[0,0],"2":[1,0]},"_coverageSchema":"1a1c01bbd47fc00a2c39e90264f33305004495a9","hash":"5cc709022f4960fc44c8bd9bbe551c4de5f0484a"}
,"/Users/joshuamccue/Desktop/libCity/client/src/components/StarSvg.jsx": {"path":"/Users/joshuamccue/Desktop/libCity/client/src/components/StarSvg.jsx","statementMap":{"0":{"start":{"line":6,"column":48},"end":{"line":6,"column":59}},"1":{"start":{"line":8,"column":2},"end":{"line":46,"column":4}},"2":{"start":{"line":12,"column":8},"end":{"line":43,"column":10}},"3":{"start":{"line":26,"column":14},"end":{"line":28,"column":15}},"4":{"start":{"line":27,"column":16},"end":{"line":27,"column":42}},"5":{"start":{"line":31,"column":14},"end":{"line":33,"column":15}},"6":{"start":{"line":32,"column":16},"end":{"line":32,"column":38}},"7":{"start":{"line":36,"column":14},"end":{"line":38,"column":15}},"8":{"start":{"line":37,"column":16},"end":{"line":37,"column":46}}},"fnMap":{"0":{"name":"StarSvg","decl":{"start":{"line":5,"column":24},"end":{"line":5,"column":31}},"loc":{"start":{"line":5,"column":74},"end":{"line":47,"column":1}},"line":5},"1":{"name":"(anonymous_1)","decl":{"start":{"line":11,"column":27},"end":{"line":11,"column":28}},"loc":{"start":{"line":11,"column":38},"end":{"line":44,"column":7}},"line":11},"2":{"name":"(anonymous_2)","decl":{"start":{"line":25,"column":26},"end":{"line":25,"column":27}},"loc":{"start":{"line":25,"column":32},"end":{"line":29,"column":13}},"line":25},"3":{"name":"(anonymous_3)","decl":{"start":{"line":30,"column":26},"end":{"line":30,"column":27}},"loc":{"start":{"line":30,"column":32},"end":{"line":34,"column":13}},"line":30},"4":{"name":"(anonymous_4)","decl":{"start":{"line":35,"column":21},"end":{"line":35,"column":22}},"loc":{"start":{"line":35,"column":28},"end":{"line":39,"column":13}},"line":35}},"branchMap":{"0":{"loc":{"start":{"line":18,"column":14},"end":{"line":18,"column":78}},"type":"cond-expr","locations":[{"start":{"line":18,"column":47},"end":{"line":18,"column":55}},{"start":{"line":18,"column":58},"end":{"line":18,"column":78}}],"line":18},"1":{"loc":{"start":{"line":18,"column":14},"end":{"line":18,"column":44}},"type":"binary-expr","locations":[{"start":{"line":18,"column":14},"end":{"line":18,"column":33}},{"start":{"line":18,"column":37},"end":{"line":18,"column":44}}],"line":18},"2":{"loc":{"start":{"line":26,"column":14},"end":{"line":28,"column":15}},"type":"if","locations":[{"start":{"line":26,"column":14},"end":{"line":28,"column":15}},{"start":{"line":26,"column":14},"end":{"line":28,"column":15}}],"line":26},"3":{"loc":{"start":{"line":31,"column":14},"end":{"line":33,"column":15}},"type":"if","locations":[{"start":{"line":31,"column":14},"end":{"line":33,"column":15}},{"start":{"line":31,"column":14},"end":{"line":33,"column":15}}],"line":31},"4":{"loc":{"start":{"line":36,"column":14},"end":{"line":38,"column":15}},"type":"if","locations":[{"start":{"line":36,"column":14},"end":{"line":38,"column":15}},{"start":{"line":36,"column":14},"end":{"line":38,"column":15}}],"line":36}},"s":{"0":1,"1":1,"2":5,"3":0,"4":0,"5":0,"6":0,"7":0,"8":0},"f":{"0":1,"1":5,"2":0,"3":0,"4":0},"b":{"0":[0,5],"1":[5,5],"2":[0,0],"3":[0,0],"4":[0,0]},"_coverageSchema":"1a1c01bbd47fc00a2c39e90264f33305004495a9","hash":"d6cb255ef0c1942ee35a39ec3748320edf293acf"}
,"/Users/joshuamccue/Desktop/libCity/client/src/pages/Details.jsx": {"path":"/Users/joshuamccue/Desktop/libCity/client/src/pages/Details.jsx","statementMap":{"0":{"start":{"line":10,"column":18},"end":{"line":10,"column":30}},"1":{"start":{"line":11,"column":17},"end":{"line":11,"column":28}},"2":{"start":{"line":12,"column":26},"end":{"line":12,"column":38}},"3":{"start":{"line":13,"column":24},"end":{"line":13,"column":36}},"4":{"start":{"line":14,"column":36},"end":{"line":14,"column":47}},"5":{"start":{"line":23,"column":6},"end":{"line":23,"column":10}},"6":{"start":{"line":25,"column":2},"end":{"line":41,"column":9}},"7":{"start":{"line":26,"column":4},"end":{"line":40,"column":9}},"8":{"start":{"line":27,"column":6},"end":{"line":39,"column":7}},"9":{"start":{"line":28,"column":19},"end":{"line":28,"column":75}},"10":{"start":{"line":29,"column":8},"end":{"line":29,"column":34}},"11":{"start":{"line":30,"column":8},"end":{"line":30,"column":47}},"12":{"start":{"line":31,"column":8},"end":{"line":36,"column":10}},"13":{"start":{"line":38,"column":8},"end":{"line":38,"column":27}},"14":{"start":{"line":43,"column":28},"end":{"line":50,"column":3}},"15":{"start":{"line":44,"column":4},"end":{"line":49,"column":5}},"16":{"start":{"line":45,"column":6},"end":{"line":45,"column":66}},"17":{"start":{"line":46,"column":6},"end":{"line":46,"column":29}},"18":{"start":{"line":48,"column":6},"end":{"line":48,"column":25}},"19":{"start":{"line":51,"column":2},"end":{"line":94,"column":4}},"20":{"start":{"line":87,"column":25},"end":{"line":87,"column":44}}},"fnMap":{"0":{"name":"Details","decl":{"start":{"line":9,"column":24},"end":{"line":9,"column":31}},"loc":{"start":{"line":9,"column":34},"end":{"line":95,"column":1}},"line":9},"1":{"name":"(anonymous_1)","decl":{"start":{"line":25,"column":12},"end":{"line":25,"column":13}},"loc":{"start":{"line":25,"column":18},"end":{"line":41,"column":3}},"line":25},"2":{"name":"(anonymous_2)","decl":{"start":{"line":26,"column":5},"end":{"line":26,"column":6}},"loc":{"start":{"line":26,"column":17},"end":{"line":40,"column":5}},"line":26},"3":{"name":"(anonymous_3)","decl":{"start":{"line":43,"column":28},"end":{"line":43,"column":29}},"loc":{"start":{"line":43,"column":40},"end":{"line":50,"column":3}},"line":43},"4":{"name":"(anonymous_4)","decl":{"start":{"line":87,"column":19},"end":{"line":87,"column":20}},"loc":{"start":{"line":87,"column":25},"end":{"line":87,"column":44}},"line":87}},"branchMap":{"0":{"loc":{"start":{"line":56,"column":15},"end":{"line":56,"column":32}},"type":"binary-expr","locations":[{"start":{"line":56,"column":15},"end":{"line":56,"column":18}},{"start":{"line":56,"column":22},"end":{"line":56,"column":32}}],"line":56}},"s":{"0":0,"1":0,"2":0,"3":0,"4":0,"5":0,"6":0,"7":0,"8":0,"9":0,"10":0,"11":0,"12":0,"13":0,"14":0,"15":0,"16":0,"17":0,"18":0,"19":0,"20":0},"f":{"0":0,"1":0,"2":0,"3":0,"4":0},"b":{"0":[0,0]},"_coverageSchema":"1a1c01bbd47fc00a2c39e90264f33305004495a9","hash":"6b7f080e6d574b0097cdc8d937af57a0f2297e69"}
,"/Users/joshuamccue/Desktop/libCity/client/src/utils/imagesArray.js": {"path":"/Users/joshuamccue/Desktop/libCity/client/src/utils/imagesArray.js","statementMap":{"0":{"start":{"line":5,"column":15},"end":{"line":5,"column":42}},"1":{"start":{"line":7,"column":0},"end":{"line":7,"column":35}}},"fnMap":{},"branchMap":{},"s":{"0":1,"1":1},"f":{},"b":{},"_coverageSchema":"1a1c01bbd47fc00a2c39e90264f33305004495a9","hash":"612e15816fab29f8cddb32dcaa0e24f4dbc94023"}
}
