TN:
SF:src/components/Book.jsx
FN:6,Book
FNF:1
FNH:1
FNDA:1,Book
DA:7,1
LF:1
LH:1
BRDA:12,0,0,1
BRDA:12,0,1,1
BRF:2
BRH:2
end_of_record
TN:
SF:src/components/ErrorBoundary.jsx
FN:12,(anonymous_0)
FN:17,(anonymous_1)
FN:21,(anonymous_2)
FNF:3
FNH:1
FNDA:0,(anonymous_0)
FNDA:0,(anonymous_1)
FNDA:1,(anonymous_2)
DA:7,1
DA:13,0
DA:18,0
DA:22,1
DA:23,0
DA:34,1
LF:6
LH:3
BRDA:22,0,0,0
BRDA:22,0,1,1
BRF:2
BRH:1
end_of_record
TN:
SF:src/components/Footer.jsx
FN:5,Footer
FNF:1
FNH:1
FNDA:1,Footer
DA:6,1
LF:1
LH:1
BRF:0
BRH:0
end_of_record
TN:
SF:src/components/Input.jsx
FN:8,Input
FNF:1
FNH:1
FNDA:7,Input
DA:24,7
DA:28,7
DA:29,0
DA:30,0
DA:34,7
DA:39,3
DA:57,3
DA:59,1
DA:79,1
DA:81,1
DA:100,1
DA:102,1
DA:116,1
DA:118,1
DA:121,7
LF:15
LH:13
BRDA:28,0,0,0
BRDA:28,0,1,7
BRDA:28,1,0,7
BRDA:28,1,1,1
BRDA:28,1,2,1
BRDA:34,2,0,0
BRDA:34,2,1,1
BRDA:34,2,2,2
BRDA:34,2,3,3
BRDA:34,2,4,1
BRDA:34,2,5,1
BRDA:34,2,6,1
BRDA:34,2,7,1
BRDA:49,3,0,0
BRDA:49,3,1,3
BRDA:63,4,0,0
BRDA:63,4,1,1
BRDA:68,5,0,0
BRDA:68,5,1,1
BRDA:94,6,0,0
BRDA:94,6,1,1
BRF:21
BRH:15
end_of_record
TN:
SF:src/components/Nav.jsx
FN:6,Nav
FN:11,(anonymous_1)
FN:16,(anonymous_2)
FN:21,(anonymous_3)
FN:70,(anonymous_4)
FN:75,(anonymous_5)
FN:81,(anonymous_6)
FNF:7
FNH:1
FNDA:1,Nav
FNDA:0,(anonymous_1)
FNDA:0,(anonymous_2)
FNDA:0,(anonymous_3)
FNDA:0,(anonymous_4)
FNDA:0,(anonymous_5)
FNDA:0,(anonymous_6)
DA:7,1
DA:8,1
DA:9,1
DA:11,1
DA:12,0
DA:13,0
DA:16,1
DA:17,0
DA:18,0
DA:21,1
DA:22,0
DA:24,1
DA:71,0
DA:72,0
DA:75,0
DA:81,0
LF:16
LH:7
BRDA:27,0,0,0
BRDA:27,0,1,1
BRDA:71,1,0,0
BRDA:71,1,1,0
BRDA:90,2,0,1
BRDA:90,2,1,0
BRF:6
BRH:2
end_of_record
TN:
SF:src/components/StarSvg.jsx
FN:5,StarSvg
FN:11,(anonymous_1)
FN:25,(anonymous_2)
FN:30,(anonymous_3)
FN:35,(anonymous_4)
FNF:5
FNH:2
FNDA:1,StarSvg
FNDA:5,(anonymous_1)
FNDA:0,(anonymous_2)
FNDA:0,(anonymous_3)
FNDA:0,(anonymous_4)
DA:6,1
DA:8,1
DA:12,5
DA:26,0
DA:27,0
DA:31,0
DA:32,0
DA:36,0
DA:37,0
LF:9
LH:3
BRDA:18,0,0,0
BRDA:18,0,1,5
BRDA:18,1,0,5
BRDA:18,1,1,5
BRDA:26,2,0,0
BRDA:26,2,1,0
BRDA:31,3,0,0
BRDA:31,3,1,0
BRDA:36,4,0,0
BRDA:36,4,1,0
BRF:10
BRH:3
end_of_record
TN:
SF:src/pages/Details.jsx
FN:9,Details
FN:25,(anonymous_1)
FN:26,(anonymous_2)
FN:43,(anonymous_3)
FN:87,(anonymous_4)
FNF:5
FNH:0
FNDA:0,Details
FNDA:0,(anonymous_1)
FNDA:0,(anonymous_2)
FNDA:0,(anonymous_3)
FNDA:0,(anonymous_4)
DA:10,0
DA:11,0
DA:12,0
DA:13,0
DA:14,0
DA:23,0
DA:25,0
DA:26,0
DA:27,0
DA:28,0
DA:29,0
DA:30,0
DA:31,0
DA:38,0
DA:43,0
DA:44,0
DA:45,0
DA:46,0
DA:48,0
DA:51,0
DA:87,0
LF:21
LH:0
BRDA:56,0,0,0
BRDA:56,0,1,0
BRF:2
BRH:0
end_of_record
TN:
SF:src/utils/imagesArray.js
FNF:0
FNH:0
DA:5,1
DA:7,1
LF:2
LH:2
BRF:0
BRH:0
end_of_record
